[2024-08-15 06:08:43,772] INFO: SYSTEM: Initializing RokAuto with path: D:/Games/Rise of Kingdoms, team_number: 5, delay: 3
[2024-08-15 06:08:43,810] INFO: IMAGE LOADED: ./img/gem.png
[2024-08-15 06:08:43,811] INFO: IMAGE LOADED: ./img/gem_2.png
[2024-08-15 06:08:43,811] INFO: IMAGE LOADED: ./img/gem_3.png
[2024-08-15 06:08:43,817] INFO: IMAGE LOADED: ./img/farm.png
[2024-08-15 06:08:43,822] INFO: IMAGE LOADED: ./img/run.png
[2024-08-15 06:08:43,829] INFO: IMAGE LOADED: ./img/dungchan.png
[2024-08-15 06:08:43,834] INFO: IMAGE LOADED: ./img/return.png
[2024-08-15 06:08:43,835] INFO: IMAGE LOADED: ./img/earth.png
[2024-08-15 06:08:43,842] INFO: IMAGE LOADED: ./img/gem_map.png
[2024-08-15 06:08:43,849] INFO: IMAGE LOADED: ./img/thuthap.png
[2024-08-15 06:08:43,850] INFO: IMAGE LOADED: ./img/start.png
[2024-08-15 06:08:43,851] INFO: IMAGE LOADED: ./img/map.png
[2024-08-15 06:08:43,852] INFO: IMAGE LOADED: ./img/home.png
[2024-08-15 06:08:43,859] INFO: IMAGE LOADED: ./img/reconnect.png
[2024-08-15 06:08:43,860] INFO: IMAGE LOADED: ./img/pass_1.png
[2024-08-15 06:08:43,868] INFO: IMAGE LOADED: ./img/new.png
[2024-08-15 06:08:43,874] INFO: IMAGE LOADED: ./img/1.png
[2024-08-15 06:08:43,882] INFO: IMAGE LOADED: ./img/running_new.png
[2024-08-15 06:08:43,889] INFO: IMAGE LOADED: ./img/running.png
[2024-08-15 06:08:43,889] INFO: SYSTEM: Application started.
[2024-08-15 06:08:45,109] INFO: CHECK: Connection status...
[2024-08-15 06:08:45,282] INFO: PROCESS: Starting farming process...
[2024-08-15 06:08:45,282] INFO: ACTION: Checking teams...
[2024-08-15 06:08:45,325] INFO: STATUS: 0 teams found.
[2024-08-15 06:08:45,325] INFO: PROCESS: Running farming routine...
[2024-08-15 06:08:45,327] INFO: CHECK: Connection status...
[2024-08-15 06:08:45,496] INFO: ACTION: Resetting zoom...
[2024-08-15 06:08:56,124] INFO: PROCESS: Searching for gem mines...
[2024-08-15 06:08:56,124] INFO: ACTION: Scrolling the map...
[2024-08-15 06:09:02,562] INFO: CHECK: Connection status...
[2024-08-15 06:09:06,533] INFO: ACTION: Searching direction up...
[2024-08-15 06:09:10,506] INFO: ACTION: Searching direction up...
[2024-08-15 06:09:14,433] INFO: ACTION: Searching direction up...
[2024-08-15 06:09:18,104] INFO: STATUS: Gem mine found.
[2024-08-15 06:09:24,347] INFO: ACTION: Farming for team 0...
[2024-08-15 06:09:24,462] INFO: ACTION: Checking teams...
[2024-08-15 06:09:24,494] INFO: STATUS: 0 teams found.
[2024-08-15 06:09:49,657] INFO: STATUS: New team created.
[2024-08-15 06:09:49,889] INFO: STATUS: Farming initiated successfully.
[2024-08-15 06:09:52,892] INFO: ACTION: Checking for pass...
[2024-08-15 06:10:04,040] INFO: CHECK: Connection status...
[2024-08-15 06:10:04,170] INFO: PROCESS: Starting farming process...
[2024-08-15 06:10:04,170] INFO: ACTION: Checking teams...
[2024-08-15 06:10:04,203] INFO: STATUS: 1 teams found.
[2024-08-15 06:10:04,204] INFO: PROCESS: Running farming routine...
[2024-08-15 06:10:04,205] INFO: CHECK: Connection status...
[2024-08-15 06:10:04,339] INFO: ACTION: Resetting zoom...
[2024-08-15 06:10:14,915] INFO: PROCESS: Searching for gem mines...
[2024-08-15 06:10:14,915] INFO: ACTION: Scrolling the map...
[2024-08-16 11:40:40,562] INFO: SYSTEM: Initializing RokAuto with path: D:/Games/Rise of Kingdoms, team_number: 5, delay: 3
[2024-08-16 11:40:40,597] INFO: IMAGE LOADED: ./img/gem.png
[2024-08-16 11:40:40,597] INFO: IMAGE LOADED: ./img/gem_2.png
[2024-08-16 11:40:40,598] INFO: IMAGE LOADED: ./img/gem_3.png
[2024-08-16 11:40:40,605] INFO: IMAGE LOADED: ./img/farm.png
[2024-08-16 11:40:40,610] INFO: IMAGE LOADED: ./img/run.png
[2024-08-16 11:40:40,616] INFO: IMAGE LOADED: ./img/dungchan.png
[2024-08-16 11:40:40,623] INFO: IMAGE LOADED: ./img/return.png
[2024-08-16 11:40:40,624] INFO: IMAGE LOADED: ./img/earth.png
[2024-08-16 11:40:40,629] INFO: IMAGE LOADED: ./img/gem_map.png
[2024-08-16 11:40:40,636] INFO: IMAGE LOADED: ./img/thuthap.png
[2024-08-16 11:40:40,637] INFO: IMAGE LOADED: ./img/start.png
[2024-08-16 11:40:40,638] INFO: IMAGE LOADED: ./img/map.png
[2024-08-16 11:40:40,639] INFO: IMAGE LOADED: ./img/home.png
[2024-08-16 11:40:40,645] INFO: IMAGE LOADED: ./img/reconnect.png
[2024-08-16 11:40:40,645] INFO: IMAGE LOADED: ./img/pass_1.png
[2024-08-16 11:40:40,652] INFO: IMAGE LOADED: ./img/new.png
[2024-08-16 11:40:40,657] INFO: IMAGE LOADED: ./img/1.png
[2024-08-16 11:40:40,665] INFO: IMAGE LOADED: ./img/running_new.png
[2024-08-16 11:40:40,671] INFO: IMAGE LOADED: ./img/running.png
[2024-08-16 11:40:40,671] INFO: SYSTEM: Application started.
[2024-08-16 11:40:41,791] INFO: CHECK: Connection status...
[2024-08-16 11:40:42,005] INFO: PROCESS: Starting farming process...
[2024-08-16 11:40:42,005] INFO: ACTION: Checking teams...
[2024-08-16 11:40:42,042] INFO: STATUS: 3 teams found.
[2024-08-16 11:40:42,043] INFO: PROCESS: Running farming routine...
[2024-08-16 11:40:42,043] INFO: CHECK: Connection status...
[2024-08-16 11:40:42,177] INFO: ACTION: Resetting zoom...
[2024-08-16 11:40:52,788] INFO: PROCESS: Searching for gem mines...
[2024-08-16 11:40:52,788] INFO: ACTION: Scrolling the map...
[2024-08-16 11:40:59,250] INFO: CHECK: Connection status...
[2024-08-16 11:41:03,186] INFO: ACTION: Searching direction up...
[2024-08-16 11:41:07,125] INFO: ACTION: Searching direction up...
